modules/ble-advertise/android/build/intermediates/manifest_merge_blame_file/debug/processDebugManifest/manifest-merger-blame-debug-report.txt
1<?xml version="1.0" encoding="utf-8"?>
2<manifest xmlns:android="http://schemas.android.com/apk/res/android"
3    package="com.blerelay" >
4
5    <uses-sdk android:minSdkVersion="21" />
6
7    <uses-feature
7-->src\main\AndroidManifest.xml:4:5-6:36
8        android:name="android.hardware.bluetooth_le"
8-->src\main\AndroidManifest.xml:5:9-53
9        android:required="false" />
9-->src\main\AndroidManifest.xml:6:9-33
10
11    <uses-permission android:name="android.permission.BLUETOOTH" />
11-->src\main\AndroidManifest.xml:8:5-68
11-->src\main\AndroidManifest.xml:8:22-65
12    <uses-permission android:name="android.permission.BLUETOOTH_ADMIN" />
12-->src\main\AndroidManifest.xml:9:5-74
12-->src\main\AndroidManifest.xml:9:22-71
13
14    <!-- Android 12+ (API 31+) permissions -->
15    <uses-permission
15-->src\main\AndroidManifest.xml:12:5-13:58
16        android:name="android.permission.BLUETOOTH_SCAN"
16-->src\main\AndroidManifest.xml:12:22-70
17        android:usesPermissionFlags="neverForLocation" />
17-->src\main\AndroidManifest.xml:13:9-55
18    <uses-permission
18-->src\main\AndroidManifest.xml:14:5-15:58
19        android:name="android.permission.BLUETOOTH_ADVERTISE"
19-->src\main\AndroidManifest.xml:14:22-75
20        android:usesPermissionFlags="neverForLocation" />
20-->src\main\AndroidManifest.xml:15:9-55
21    <uses-permission android:name="android.permission.BLUETOOTH_CONNECT" />
21-->src\main\AndroidManifest.xml:16:5-76
21-->src\main\AndroidManifest.xml:16:22-73
22
23</manifest>